<?xml version="1.0" encoding="UTF-8"?>
<!-- Generated by org.testng.reporters.JUnitReportReporter -->
<testsuite hostname="DESKTOP-S5MMF0I" failures="0" tests="1" name="EC_Positive_TestCase.TC002_CreateProductTest" time="0.836" errors="0" timestamp="2023-04-10T10:55:57 IST" skipped="0">
  <testcase classname="EC_Positive_TestCase.TC002_CreateProductTest" name="createProduct" time="0.836"/>
  <system-out/>
</testsuite> <!-- EC_Positive_TestCase.TC002_CreateProductTest -->
