<?xml version="1.0" encoding="UTF-8"?>
<!-- Generated by org.testng.reporters.JUnitReportReporter -->
<testsuite hostname="DESKTOP-S5MMF0I" failures="0" tests="1" name="EC_Positive_TestCase.TC004_ViewOrderTest" time="0.155" errors="0" timestamp="2023-04-10T10:55:57 IST" skipped="0">
  <testcase classname="EC_Positive_TestCase.TC004_ViewOrderTest" name="viewOrderDetails" time="0.155"/>
  <system-out/>
</testsuite> <!-- EC_Positive_TestCase.TC004_ViewOrderTest -->
