<?xml version="1.0" encoding="UTF-8"?>
<!-- Generated by org.testng.reporters.JUnitReportReporter -->
<testsuite hostname="DESKTOP-S5MMF0I" failures="0" tests="1" name="EC_Positive_TestCase.TC003_CreateOrderTest" time="0.384" errors="0" timestamp="2023-04-10T10:55:57 IST" skipped="0">
  <testcase classname="EC_Positive_TestCase.TC003_CreateOrderTest" name="createOrder" time="0.384"/>
  <system-out/>
</testsuite> <!-- EC_Positive_TestCase.TC003_CreateOrderTest -->
