<?xml version="1.0" encoding="UTF-8"?>
<!-- Generated by org.testng.reporters.JUnitReportReporter -->
<testsuite hostname="LPT-1189" failures="0" tests="1" name="EC_Positive_TestCase.TC001_AccessTokenTest" time="8.846" errors="0" timestamp="2023-02-24T10:25:24 IST" skipped="0">
  <testcase classname="EC_Positive_TestCase.TC001_AccessTokenTest" name="getAccessToken" time="8.846"/>
  <system-out/>
</testsuite> <!-- EC_Positive_TestCase.TC001_AccessTokenTest -->
