<?xml version="1.0" encoding="UTF-8"?>
<!-- Generated by org.testng.reporters.JUnitReportReporter -->
<testsuite hostname="LPT-1189" failures="0" tests="1" name="EC_Positive_TestCase.TC005_DeleteProductTest" time="0.412" errors="0" timestamp="2023-02-28T09:40:54 IST" skipped="0">
  <testcase classname="EC_Positive_TestCase.TC005_DeleteProductTest" name="deleteProduct" time="0.412"/>
  <system-out/>
</testsuite> <!-- EC_Positive_TestCase.TC005_DeleteProductTest -->
